Already on 'main'
From https://github.com/JerryIngram/offbook-ai
 * branch              main       -> FETCH_HEAD
Already on 'main'
From https://github.com/jai-nexus/jai
 * branch            main       -> FETCH_HEAD
From https://github.com/jai-nexus/dev-jai-nexus
   5860d3d..bc21777  main       -> origin/main
Already on 'main'
From https://github.com/jai-nexus/dev-jai-nexus
 * branch            main       -> FETCH_HEAD
Already on 'main'
From https://github.com/jai-nexus/jai-format
 * branch            main       -> FETCH_HEAD
Already on 'main'
From https://github.com/jai-nexus/jai-nexus
 * branch            main       -> FETCH_HEAD
Already on 'main'
From https://github.com/jai-nexus/jai-pilot
 * branch            main       -> FETCH_HEAD
Already on 'main'
From https://github.com/jai-nexus/docs-nexus
 * branch            main       -> FETCH_HEAD
Already on 'main'
From https://github.com/jai-nexus/integrations-nexus
 * branch            main       -> FETCH_HEAD
Already on 'main'
From https://github.com/jai-nexus/sourcetree-ai
 * branch            main       -> FETCH_HEAD
Already on 'main'
From https://github.com/JerryIngram/sourcetree-ai
 * branch            main       -> FETCH_HEAD
Already on 'main'
From https://github.com/jai-nexus/.github
 * branch            main       -> FETCH_HEAD
